{"/Users/lindsay/Desktop/epicodus/super-galactic-age-calc/src/person.js": {"path":"/Users/lindsay/Desktop/epicodus/super-galactic-age-calc/src/person.js","statementMap":{"0":{"start":{"line":3,"column":8},"end":{"line":3,"column":35}},"1":{"start":{"line":4,"column":8},"end":{"line":4,"column":32}},"2":{"start":{"line":8,"column":8},"end":{"line":18,"column":9}},"3":{"start":{"line":9,"column":12},"end":{"line":9,"column":58}},"4":{"start":{"line":10,"column":15},"end":{"line":18,"column":9}},"5":{"start":{"line":11,"column":12},"end":{"line":11,"column":58}},"6":{"start":{"line":12,"column":15},"end":{"line":18,"column":9}},"7":{"start":{"line":13,"column":12},"end":{"line":13,"column":58}},"8":{"start":{"line":14,"column":15},"end":{"line":18,"column":9}},"9":{"start":{"line":15,"column":12},"end":{"line":15,"column":59}},"10":{"start":{"line":17,"column":12},"end":{"line":17,"column":36}},"11":{"start":{"line":19,"column":8},"end":{"line":19,"column":36}}},"fnMap":{"0":{"name":"(anonymous_0)","decl":{"start":{"line":2,"column":4},"end":{"line":2,"column":5}},"loc":{"start":{"line":2,"column":36},"end":{"line":5,"column":5}},"line":2},"1":{"name":"(anonymous_1)","decl":{"start":{"line":6,"column":4},"end":{"line":6,"column":5}},"loc":{"start":{"line":6,"column":24},"end":{"line":20,"column":5}},"line":6}},"branchMap":{"0":{"loc":{"start":{"line":8,"column":8},"end":{"line":18,"column":9}},"type":"if","locations":[{"start":{"line":8,"column":8},"end":{"line":18,"column":9}},{"start":{"line":8,"column":8},"end":{"line":18,"column":9}}],"line":8},"1":{"loc":{"start":{"line":10,"column":15},"end":{"line":18,"column":9}},"type":"if","locations":[{"start":{"line":10,"column":15},"end":{"line":18,"column":9}},{"start":{"line":10,"column":15},"end":{"line":18,"column":9}}],"line":10},"2":{"loc":{"start":{"line":12,"column":15},"end":{"line":18,"column":9}},"type":"if","locations":[{"start":{"line":12,"column":15},"end":{"line":18,"column":9}},{"start":{"line":12,"column":15},"end":{"line":18,"column":9}}],"line":12},"3":{"loc":{"start":{"line":14,"column":15},"end":{"line":18,"column":9}},"type":"if","locations":[{"start":{"line":14,"column":15},"end":{"line":18,"column":9}},{"start":{"line":14,"column":15},"end":{"line":18,"column":9}}],"line":14}},"s":{"0":6,"1":6,"2":5,"3":1,"4":4,"5":1,"6":3,"7":1,"8":2,"9":1,"10":1,"11":4},"f":{"0":6,"1":5},"b":{"0":[1,4],"1":[1,3],"2":[1,2],"3":[1,1]},"_coverageSchema":"43e27e138ebf9cfc5966b082cf9a028302ed4184","hash":"c1c89a91e66a0541e37d8ec5733b947be1caf86d"}
}
