{"/Users/lindsay/Desktop/epicodus/super-galactic-age-calc/src/person.js": {"path":"/Users/lindsay/Desktop/epicodus/super-galactic-age-calc/src/person.js","statementMap":{"0":{"start":{"line":3,"column":8},"end":{"line":3,"column":35}},"1":{"start":{"line":4,"column":8},"end":{"line":4,"column":33}}},"fnMap":{"0":{"name":"(anonymous_0)","decl":{"start":{"line":2,"column":4},"end":{"line":2,"column":5}},"loc":{"start":{"line":2,"column":36},"end":{"line":6,"column":5}},"line":2}},"branchMap":{},"s":{"0":1,"1":1},"f":{"0":1},"b":{},"_coverageSchema":"43e27e138ebf9cfc5966b082cf9a028302ed4184","hash":"60e7db054c6f6cc0a5e7a929b2c2fcd0a7892c8f"}
}
