TN:
SF:/Users/lindsay/Desktop/epicodus/super-galactic-age-calc/src/person.js
FN:2,(anonymous_0)
FN:8,(anonymous_1)
FN:25,(anonymous_2)
FN:45,(anonymous_3)
FNF:4
FNH:3
FNDA:11,(anonymous_0)
FNDA:5,(anonymous_1)
FNDA:5,(anonymous_2)
FNDA:0,(anonymous_3)
DA:3,11
DA:4,11
DA:5,11
DA:6,11
DA:10,5
DA:16,5
DA:17,4
DA:18,4
DA:20,1
DA:28,5
DA:34,5
DA:35,4
DA:36,4
DA:37,4
DA:39,1
DA:47,0
DA:48,0
DA:49,0
DA:50,0
DA:51,0
DA:52,0
DA:53,0
DA:54,0
DA:55,0
DA:56,0
DA:57,0
DA:58,0
DA:60,0
LF:28
LH:15
BRDA:16,0,0,4
BRDA:16,0,1,1
BRDA:34,1,0,4
BRDA:34,1,1,1
BRDA:47,2,0,0
BRDA:47,2,1,0
BRDA:50,3,0,0
BRDA:50,3,1,0
BRDA:53,4,0,0
BRDA:53,4,1,0
BRDA:56,5,0,0
BRDA:56,5,1,0
BRF:12
BRH:4
end_of_record
